-------------------------------------------------------------------------------
Test set: com.XmlTest.XmlHandlerTest
-------------------------------------------------------------------------------
Tests run: 28, Failures: 28, Errors: 0, Skipped: 0, Time elapsed: 0.897 s <<< FAILURE! - in com.XmlTest.XmlHandlerTest
testAddMessage(com.XmlTest.XmlHandlerTest)  Time elapsed: 0.006 s  <<< FAILURE!
java.lang.AssertionError: Not yet implemented
	at com.XmlTest.XmlHandlerTest.testAddMessage(XmlHandlerTest.java:137)

testGetDocument(com.XmlTest.XmlHandlerTest)  Time elapsed: 0 s  <<< FAILURE!
java.lang.AssertionError: Not yet implemented
	at com.XmlTest.XmlHandlerTest.testGetDocument(XmlHandlerTest.java:27)

testAddGroupCodeToUser(com.XmlTest.XmlHandlerTest)  Time elapsed: 0.002 s  <<< FAILURE!
java.lang.AssertionError: Not yet implemented
	at com.XmlTest.XmlHandlerTest.testAddGroupCodeToUser(XmlHandlerTest.java:132)

testInitializeXml(com.XmlTest.XmlHandlerTest)  Time elapsed: 0.002 s  <<< FAILURE!
java.lang.AssertionError: Not yet implemented
	at com.XmlTest.XmlHandlerTest.testInitializeXml(XmlHandlerTest.java:37)

testDeleteGroupcodeOfAUser(com.XmlTest.XmlHandlerTest)  Time elapsed: 0.006 s  <<< FAILURE!
java.lang.AssertionError: Not yet implemented
	at com.XmlTest.XmlHandlerTest.testDeleteGroupcodeOfAUser(XmlHandlerTest.java:152)

testDeleteGroup(com.XmlTest.XmlHandlerTest)  Time elapsed: 0.012 s  <<< FAILURE!
java.lang.AssertionError: Not yet implemented
	at com.XmlTest.XmlHandlerTest.testDeleteGroup(XmlHandlerTest.java:157)

testDeleteMessage(com.XmlTest.XmlHandlerTest)  Time elapsed: 0 s  <<< FAILURE!
java.lang.AssertionError: Not yet implemented
	at com.XmlTest.XmlHandlerTest.testDeleteMessage(XmlHandlerTest.java:147)

testAddUser(com.XmlTest.XmlHandlerTest)  Time elapsed: 0.865 s  <<< FAILURE!
java.lang.AssertionError: Not yet implemented
	at com.XmlTest.XmlHandlerTest.testAddUser(XmlHandlerTest.java:78)

testInTheList(com.XmlTest.XmlHandlerTest)  Time elapsed: 0 s  <<< FAILURE!
java.lang.AssertionError: Not yet implemented
	at com.XmlTest.XmlHandlerTest.testInTheList(XmlHandlerTest.java:192)

testCreateGroup(com.XmlTest.XmlHandlerTest)  Time elapsed: 0 s  <<< FAILURE!
java.lang.AssertionError: Not yet implemented
	at com.XmlTest.XmlHandlerTest.testCreateGroup(XmlHandlerTest.java:142)

testListOfUsersInGroup(com.XmlTest.XmlHandlerTest)  Time elapsed: 0 s  <<< FAILURE!
java.lang.AssertionError: Not yet implemented
	at com.XmlTest.XmlHandlerTest.testListOfUsersInGroup(XmlHandlerTest.java:182)

testListFriend(com.XmlTest.XmlHandlerTest)  Time elapsed: 0 s  <<< FAILURE!
java.lang.AssertionError: Not yet implemented
	at com.XmlTest.XmlHandlerTest.testListFriend(XmlHandlerTest.java:172)

testXmlHandler(com.XmlTest.XmlHandlerTest)  Time elapsed: 0 s  <<< FAILURE!
java.lang.AssertionError: Not yet implemented
	at com.XmlTest.XmlHandlerTest.testXmlHandler(XmlHandlerTest.java:22)

testUpdateUserName(com.XmlTest.XmlHandlerTest)  Time elapsed: 0 s  <<< FAILURE!
java.lang.AssertionError: Not yet implemented
	at com.XmlTest.XmlHandlerTest.testUpdateUserName(XmlHandlerTest.java:122)

testAddElement(com.XmlTest.XmlHandlerTest)  Time elapsed: 0 s  <<< FAILURE!
java.lang.AssertionError: Not yet implemented
	at com.XmlTest.XmlHandlerTest.testAddElement(XmlHandlerTest.java:107)

testCheckingLogins(com.XmlTest.XmlHandlerTest)  Time elapsed: 0 s  <<< FAILURE!
java.lang.AssertionError: Not yet implemented
	at com.XmlTest.XmlHandlerTest.testCheckingLogins(XmlHandlerTest.java:197)

testDeleteFriend(com.XmlTest.XmlHandlerTest)  Time elapsed: 0 s  <<< FAILURE!
java.lang.AssertionError: Not yet implemented
	at com.XmlTest.XmlHandlerTest.testDeleteFriend(XmlHandlerTest.java:117)

testAddFriend(com.XmlTest.XmlHandlerTest)  Time elapsed: 0 s  <<< FAILURE!
java.lang.AssertionError: Not yet implemented
	at com.XmlTest.XmlHandlerTest.testAddFriend(XmlHandlerTest.java:102)

testListOfGroups(com.XmlTest.XmlHandlerTest)  Time elapsed: 0 s  <<< FAILURE!
java.lang.AssertionError: Not yet implemented
	at com.XmlTest.XmlHandlerTest.testListOfGroups(XmlHandlerTest.java:187)

testGetFilepath(com.XmlTest.XmlHandlerTest)  Time elapsed: 0 s  <<< FAILURE!
java.lang.AssertionError: Not yet implemented
	at com.XmlTest.XmlHandlerTest.testGetFilepath(XmlHandlerTest.java:32)

testUpdatePassword(com.XmlTest.XmlHandlerTest)  Time elapsed: 0 s  <<< FAILURE!
java.lang.AssertionError: Not yet implemented
	at com.XmlTest.XmlHandlerTest.testUpdatePassword(XmlHandlerTest.java:127)

testDeleteUser(com.XmlTest.XmlHandlerTest)  Time elapsed: 0 s  <<< FAILURE!
java.lang.AssertionError: Not yet implemented
	at com.XmlTest.XmlHandlerTest.testDeleteUser(XmlHandlerTest.java:112)

testGetLength(com.XmlTest.XmlHandlerTest)  Time elapsed: 0 s  <<< FAILURE!
java.lang.AssertionError: Not yet implemented
	at com.XmlTest.XmlHandlerTest.testGetLength(XmlHandlerTest.java:97)

testDisplayHistory(com.XmlTest.XmlHandlerTest)  Time elapsed: 0 s  <<< FAILURE!
java.lang.AssertionError: Not yet implemented
	at com.XmlTest.XmlHandlerTest.testDisplayHistory(XmlHandlerTest.java:162)

testTransformerXml(com.XmlTest.XmlHandlerTest)  Time elapsed: 0 s  <<< FAILURE!
java.lang.AssertionError: Not yet implemented
	at com.XmlTest.XmlHandlerTest.testTransformerXml(XmlHandlerTest.java:47)

testNewXml(com.XmlTest.XmlHandlerTest)  Time elapsed: 0 s  <<< FAILURE!
java.lang.AssertionError: Not yet implemented
	at com.XmlTest.XmlHandlerTest.testNewXml(XmlHandlerTest.java:42)

testListUser(com.XmlTest.XmlHandlerTest)  Time elapsed: 0.001 s  <<< FAILURE!
java.lang.AssertionError: Not yet implemented
	at com.XmlTest.XmlHandlerTest.testListUser(XmlHandlerTest.java:167)

testListOfGroupsOfAUser(com.XmlTest.XmlHandlerTest)  Time elapsed: 0 s  <<< FAILURE!
java.lang.AssertionError: Not yet implemented
	at com.XmlTest.XmlHandlerTest.testListOfGroupsOfAUser(XmlHandlerTest.java:177)

