<?xml version="1.0" encoding="UTF-8"?>
<testsuite xmlns:xsi="http://www.w3.org/2001/XMLSchema-instance" xsi:noNamespaceSchemaLocation="https://maven.apache.org/surefire/maven-surefire-plugin/xsd/surefire-test-report.xsd" name="com.XmlTest.XmlHandlerTest" time="0.897" tests="28" errors="0" skipped="0" failures="28">
  <properties>
[...]
</properties>
  <testcase name="testAddMessage" classname="com.XmlTest.XmlHandlerTest" time="0.006">
    <failure message="Not yet implemented" type="java.lang.AssertionError">java.lang.AssertionError: Not yet implemented
	at com.XmlTest.XmlHandlerTest.testAddMessage(XmlHandlerTest.java:137)
</failure>
  </testcase>
  <testcase name="testGetDocument" classname="com.XmlTest.XmlHandlerTest" time="0">
    <failure message="Not yet implemented" type="java.lang.AssertionError">java.lang.AssertionError: Not yet implemented
	at com.XmlTest.XmlHandlerTest.testGetDocument(XmlHandlerTest.java:27)
</failure>
  </testcase>
  <testcase name="testAddGroupCodeToUser" classname="com.XmlTest.XmlHandlerTest" time="0.002">
    <failure message="Not yet implemented" type="java.lang.AssertionError">java.lang.AssertionError: Not yet implemented
	at com.XmlTest.XmlHandlerTest.testAddGroupCodeToUser(XmlHandlerTest.java:132)
</failure>
  </testcase>
  <testcase name="testInitializeXml" classname="com.XmlTest.XmlHandlerTest" time="0.002">
    <failure message="Not yet implemented" type="java.lang.AssertionError">java.lang.AssertionError: Not yet implemented
	at com.XmlTest.XmlHandlerTest.testInitializeXml(XmlHandlerTest.java:37)
</failure>
  </testcase>
  <testcase name="testDeleteGroupcodeOfAUser" classname="com.XmlTest.XmlHandlerTest" time="0.006">
    <failure message="Not yet implemented" type="java.lang.AssertionError">java.lang.AssertionError: Not yet implemented
	at com.XmlTest.XmlHandlerTest.testDeleteGroupcodeOfAUser(XmlHandlerTest.java:152)
</failure>
  </testcase>
  <testcase name="testDeleteGroup" classname="com.XmlTest.XmlHandlerTest" time="0.012">
    <failure message="Not yet implemented" type="java.lang.AssertionError">java.lang.AssertionError: Not yet implemented
	at com.XmlTest.XmlHandlerTest.testDeleteGroup(XmlHandlerTest.java:157)
</failure>
  </testcase>
  <testcase name="testDeleteMessage" classname="com.XmlTest.XmlHandlerTest" time="0">
    <failure message="Not yet implemented" type="java.lang.AssertionError">java.lang.AssertionError: Not yet implemented
	at com.XmlTest.XmlHandlerTest.testDeleteMessage(XmlHandlerTest.java:147)
</failure>
  </testcase>
  <testcase name="testAddUser" classname="com.XmlTest.XmlHandlerTest" time="0.865">
    <failure message="Not yet implemented" type="java.lang.AssertionError">java.lang.AssertionError: Not yet implemented
	at com.XmlTest.XmlHandlerTest.testAddUser(XmlHandlerTest.java:78)
</failure>
    <system-out><![CDATA[<?xml version="1.0" encoding="UTF-8" standalone="no"?><Database>
                                        
    
    
    
    
    
    
    
    
    <Users>
                                                                                
        
        
        
        
        
        
        
        
        <User id="0">
                                                                                                                        
            
            
            
            
            
            
            
            
            <UserName>test</UserName>
                                                                                                                        
            
            
            
            
            
            
            
            
            <Password>test</Password>
                                                                                                                        
            
            
            
            
            
            
            
            
            <GroupCodes>
                                                                                                                                                
                
                
                                                
                
                
                
                
                
                
                
                <Keys>k,ml</Keys>
                                                                                                                                                
                
                
                
                
                
                
                
                <Keys>456</Keys>
                                                                                                                                            
                
                
                
                
                
                
                
                <Keys>Group12</Keys>
                                                                                                                            
            
            
                
                
                
                
                <Keys>Group1</Keys>
                                                                            
            
            
            
            </GroupCodes>
                                                                                                                        
            
            
            
            
            
            
            
            
            <Friends/>
                                                                                                                    
        
        
        
        
        
        
        
        
        </User>
                                                                                
        
        
        
        
        
        
        
        
        <User id="2">
                                                                                                                        
            
            
            
            
            
            
            
            
            <UserName>Ilyes</UserName>
                                                                                                                        
            
            
            
            
            
            
            
            
            <Password>456</Password>
                                                                                                                        
            
            
            
            
            
            
            
            
            <GroupCodes/>
                                                                                                                        
            
            
            
            
            
            
            
            
            <Friends/>
                                                                                                                    
        
        
        
        
        
        
        
        
        </User>
                                                                            
    
    
    
    
        
        
        
        
        <User id="2">
                                                            
            
            
            
            <UserName>test2</UserName>
                                                            
            
            
            
            <Password>test2</Password>
                                                            
            
            
            
            <GroupCodes>
                
            </GroupCodes>
                                                            
            
            
            
            <Friends/>
                                                        
        
        
        
        </User>
                                    
    
        
        
        <User id="3">
                                    
            
            <UserName>Marine</UserName>
                                    
            
            <Password>MotDePasse</Password>
                                    
            
            <GroupCodes/>
                                    
            
            <Friends/>
                                
        
        </User>
                    
        
        <User id="4">
                        
            <UserName>Marine</UserName>
                        
            <Password>MotDePasse</Password>
                        
            <GroupCodes/>
                        
            <Friends/>
                    
        </User>
            
        <User id="5">
            <UserName>Marine</UserName>
            <Password>MotDePasse</Password>
            <GroupCodes/>
            <Friends/>
        </User>
    <User id="6"><UserName>Marine</UserName><Password>MotDePasse</Password><GroupCodes/><Friends/></User></Users>
                                        
    
    
    
    
    
    
    
    
    <Groups>
                                                                            
        
        
        
    
        
        
        
                        
    
        
        
            
    
        
        
        
        
        <Group>
                                                            
            
            
            
            <Groupcode>Group1</Groupcode>
                                                            
            
            
            
            <UserName>test</UserName>
                                                            
            
            
            
            <Message>bonjour</Message>
                                                            
            
            
            
            <UserName>test</UserName>
                                                            
            
            
            
            <Message>bonjour</Message>
                                                            
            
            
            
            <UserName>test2</UserName>
                                                            
            
            
            
            <Message>hello</Message>
                                                            
            
            
            
            <UserName>test2</UserName>
                                                            
            
            
            
            <Message>hello</Message>
                                                            
            
            
            
            <UserName>test</UserName>
                                                            
            
            
            
            <Message>hello</Message>
                                                            
            
            
            
            <UserName>test</UserName>
                                                            
            
            
            
            <Message>hello</Message>
                                                        
            
            
            
            <UserName>test</UserName>
                                                
            
            
            <Message>hello</Message>
                                                
            
            
            <UserName>test</UserName>
                                                
            
            
            <Message>hello</Message>
                                                
            
            
            <UserName>test2</UserName>
                                                
            
            
            <Message>hi</Message>
                                                
            
            
            <UserName>test2</UserName>
                                                
            
            
            <Message>hi</Message>
                                                
            
            
            <UserName>test</UserName>
                                                
            
            
            <Message>jkh</Message>
                                                
            
            
            <UserName>test</UserName>
                                                
            
            
            <Message>jkh</Message>
                                            
        
        
        </Group>
                                        
        
        
        
        <Group>
                                                            
            
            
            
            <Groupcode>Group2</Groupcode>
                                                        
        
        
        
        </Group>
                                    
    
    
    
    </Groups>
                                    








</Database>
]]></system-out>
  </testcase>
  <testcase name="testInTheList" classname="com.XmlTest.XmlHandlerTest" time="0">
    <failure message="Not yet implemented" type="java.lang.AssertionError">java.lang.AssertionError: Not yet implemented
	at com.XmlTest.XmlHandlerTest.testInTheList(XmlHandlerTest.java:192)
</failure>
  </testcase>
  <testcase name="testCreateGroup" classname="com.XmlTest.XmlHandlerTest" time="0">
    <failure message="Not yet implemented" type="java.lang.AssertionError">java.lang.AssertionError: Not yet implemented
	at com.XmlTest.XmlHandlerTest.testCreateGroup(XmlHandlerTest.java:142)
</failure>
  </testcase>
  <testcase name="testListOfUsersInGroup" classname="com.XmlTest.XmlHandlerTest" time="0">
    <failure message="Not yet implemented" type="java.lang.AssertionError">java.lang.AssertionError: Not yet implemented
	at com.XmlTest.XmlHandlerTest.testListOfUsersInGroup(XmlHandlerTest.java:182)
</failure>
  </testcase>
  <testcase name="testListFriend" classname="com.XmlTest.XmlHandlerTest" time="0">
    <failure message="Not yet implemented" type="java.lang.AssertionError">java.lang.AssertionError: Not yet implemented
	at com.XmlTest.XmlHandlerTest.testListFriend(XmlHandlerTest.java:172)
</failure>
  </testcase>
  <testcase name="testXmlHandler" classname="com.XmlTest.XmlHandlerTest" time="0">
    <failure message="Not yet implemented" type="java.lang.AssertionError">java.lang.AssertionError: Not yet implemented
	at com.XmlTest.XmlHandlerTest.testXmlHandler(XmlHandlerTest.java:22)
</failure>
  </testcase>
  <testcase name="testUpdateUserName" classname="com.XmlTest.XmlHandlerTest" time="0">
    <failure message="Not yet implemented" type="java.lang.AssertionError">java.lang.AssertionError: Not yet implemented
	at com.XmlTest.XmlHandlerTest.testUpdateUserName(XmlHandlerTest.java:122)
</failure>
  </testcase>
  <testcase name="testAddElement" classname="com.XmlTest.XmlHandlerTest" time="0">
    <failure message="Not yet implemented" type="java.lang.AssertionError">java.lang.AssertionError: Not yet implemented
	at com.XmlTest.XmlHandlerTest.testAddElement(XmlHandlerTest.java:107)
</failure>
  </testcase>
  <testcase name="testCheckingLogins" classname="com.XmlTest.XmlHandlerTest" time="0">
    <failure message="Not yet implemented" type="java.lang.AssertionError">java.lang.AssertionError: Not yet implemented
	at com.XmlTest.XmlHandlerTest.testCheckingLogins(XmlHandlerTest.java:197)
</failure>
  </testcase>
  <testcase name="testDeleteFriend" classname="com.XmlTest.XmlHandlerTest" time="0">
    <failure message="Not yet implemented" type="java.lang.AssertionError">java.lang.AssertionError: Not yet implemented
	at com.XmlTest.XmlHandlerTest.testDeleteFriend(XmlHandlerTest.java:117)
</failure>
  </testcase>
  <testcase name="testAddFriend" classname="com.XmlTest.XmlHandlerTest" time="0">
    <failure message="Not yet implemented" type="java.lang.AssertionError">java.lang.AssertionError: Not yet implemented
	at com.XmlTest.XmlHandlerTest.testAddFriend(XmlHandlerTest.java:102)
</failure>
  </testcase>
  <testcase name="testListOfGroups" classname="com.XmlTest.XmlHandlerTest" time="0">
    <failure message="Not yet implemented" type="java.lang.AssertionError">java.lang.AssertionError: Not yet implemented
	at com.XmlTest.XmlHandlerTest.testListOfGroups(XmlHandlerTest.java:187)
</failure>
  </testcase>
  <testcase name="testGetFilepath" classname="com.XmlTest.XmlHandlerTest" time="0">
    <failure message="Not yet implemented" type="java.lang.AssertionError">java.lang.AssertionError: Not yet implemented
	at com.XmlTest.XmlHandlerTest.testGetFilepath(XmlHandlerTest.java:32)
</failure>
  </testcase>
  <testcase name="testUpdatePassword" classname="com.XmlTest.XmlHandlerTest" time="0">
    <failure message="Not yet implemented" type="java.lang.AssertionError">java.lang.AssertionError: Not yet implemented
	at com.XmlTest.XmlHandlerTest.testUpdatePassword(XmlHandlerTest.java:127)
</failure>
  </testcase>
  <testcase name="testDeleteUser" classname="com.XmlTest.XmlHandlerTest" time="0">
    <failure message="Not yet implemented" type="java.lang.AssertionError">java.lang.AssertionError: Not yet implemented
	at com.XmlTest.XmlHandlerTest.testDeleteUser(XmlHandlerTest.java:112)
</failure>
  </testcase>
  <testcase name="testGetLength" classname="com.XmlTest.XmlHandlerTest" time="0">
    <failure message="Not yet implemented" type="java.lang.AssertionError">java.lang.AssertionError: Not yet implemented
	at com.XmlTest.XmlHandlerTest.testGetLength(XmlHandlerTest.java:97)
</failure>
  </testcase>
  <testcase name="testDisplayHistory" classname="com.XmlTest.XmlHandlerTest" time="0">
    <failure message="Not yet implemented" type="java.lang.AssertionError">java.lang.AssertionError: Not yet implemented
	at com.XmlTest.XmlHandlerTest.testDisplayHistory(XmlHandlerTest.java:162)
</failure>
  </testcase>
  <testcase name="testTransformerXml" classname="com.XmlTest.XmlHandlerTest" time="0">
    <failure message="Not yet implemented" type="java.lang.AssertionError">java.lang.AssertionError: Not yet implemented
	at com.XmlTest.XmlHandlerTest.testTransformerXml(XmlHandlerTest.java:47)
</failure>
  </testcase>
  <testcase name="testNewXml" classname="com.XmlTest.XmlHandlerTest" time="0">
    <failure message="Not yet implemented" type="java.lang.AssertionError">java.lang.AssertionError: Not yet implemented
	at com.XmlTest.XmlHandlerTest.testNewXml(XmlHandlerTest.java:42)
</failure>
  </testcase>
  <testcase name="testListUser" classname="com.XmlTest.XmlHandlerTest" time="0.001">
    <failure message="Not yet implemented" type="java.lang.AssertionError">java.lang.AssertionError: Not yet implemented
	at com.XmlTest.XmlHandlerTest.testListUser(XmlHandlerTest.java:167)
</failure>
  </testcase>
  <testcase name="testListOfGroupsOfAUser" classname="com.XmlTest.XmlHandlerTest" time="0">
    <failure message="Not yet implemented" type="java.lang.AssertionError">java.lang.AssertionError: Not yet implemented
	at com.XmlTest.XmlHandlerTest.testListOfGroupsOfAUser(XmlHandlerTest.java:177)
</failure>
  </testcase>
</testsuite>